Build started 2/13/2017 9:41:58 PM.
     1>Project "c:\Users\david fitzgerald\documents\visual studio 2010\Projects\pwerballStats\pwerballStats\pwerballStats.vcxproj" on node 2 (build target(s)).
     1>InitializeBuildStatus:
         Creating "Debug\pwerballStats.unsuccessfulbuild" because "AlwaysCreate" was specified.
       ClCompile:
         c:\Program Files (x86)\Microsoft Visual Studio 10.0\VC\bin\CL.exe /c /ZI /nologo /W3 /WX- /Od /Oy- /D WIN32 /D _DEBUG /D _CONSOLE /D _UNICODE /D UNICODE /Gm /EHsc /RTC1 /MDd /GS /fp:precise /Zc:wchar_t /Zc:forScope /Fo"Debug\\" /Fd"Debug\vc100.pdb" /Gd /TP /analyze- /errorReport:prompt main.cpp
         main.cpp
     1>c:\users\david fitzgerald\documents\visual studio 2010\projects\pwerballstats\pwerballstats\main.cpp(220): warning C4018: '<' : signed/unsigned mismatch
       ManifestResourceCompile:
         All outputs are up-to-date.
       Link:
         c:\Program Files (x86)\Microsoft Visual Studio 10.0\VC\bin\link.exe /ERRORREPORT:PROMPT /OUT:"c:\users\david fitzgerald\documents\visual studio 2010\Projects\pwerballStats\Debug\pwerballStats.exe" /INCREMENTAL /NOLOGO kernel32.lib user32.lib gdi32.lib winspool.lib comdlg32.lib advapi32.lib shell32.lib ole32.lib oleaut32.lib uuid.lib odbc32.lib odbccp32.lib /MANIFEST /ManifestFile:"Debug\pwerballStats.exe.intermediate.manifest" /MANIFESTUAC:"level='asInvoker' uiAccess='false'" /DEBUG /PDB:"c:\users\david fitzgerald\documents\visual studio 2010\Projects\pwerballStats\Debug\pwerballStats.pdb" /SUBSYSTEM:CONSOLE /TLBID:1 /DYNAMICBASE /NXCOMPAT /IMPLIB:"c:\users\david fitzgerald\documents\visual studio 2010\Projects\pwerballStats\Debug\pwerballStats.lib" /MACHINE:X86 Debug\pwerballStats.exe.embed.manifest.res
         Debug\EachNumber.obj
         Debug\main.obj
       Manifest:
         C:\Program Files (x86)\Microsoft SDKs\Windows\v7.0A\bin\mt.exe /nologo /verbose /out:"Debug\pwerballStats.exe.embed.manifest" /manifest Debug\pwerballStats.exe.intermediate.manifest
         All outputs are up-to-date.
       LinkEmbedManifest:
         All outputs are up-to-date.
         pwerballStats.vcxproj -> c:\users\david fitzgerald\documents\visual studio 2010\Projects\pwerballStats\Debug\pwerballStats.exe
       FinalizeBuildStatus:
         Deleting file "Debug\pwerballStats.unsuccessfulbuild".
         Touching "Debug\pwerballStats.lastbuildstate".
     1>Done Building Project "c:\Users\david fitzgerald\documents\visual studio 2010\Projects\pwerballStats\pwerballStats\pwerballStats.vcxproj" (build target(s)).

Build succeeded.

Time Elapsed 00:00:01.46
