C:\USERS\DAVID FITZGERALD\DOCUMENTS\VISUAL STUDIO 2010\PROJECTS\PWERBALLSTATS\DEBUG\PWERBALLSTATS.EXE
C:\USERS\DAVID FITZGERALD\DOCUMENTS\VISUAL STUDIO 2010\PROJECTS\PWERBALLSTATS\DEBUG\PWERBALLSTATS.ILK
C:\USERS\DAVID FITZGERALD\DOCUMENTS\VISUAL STUDIO 2010\PROJECTS\PWERBALLSTATS\DEBUG\PWERBALLSTATS.PDB
c:\Users\david fitzgerald\documents\visual studio 2010\Projects\pwerballStats\pwerballStats\Debug\cl.command.1.tlog
c:\Users\david fitzgerald\documents\visual studio 2010\Projects\pwerballStats\pwerballStats\Debug\CL.read.1.tlog
c:\Users\david fitzgerald\documents\visual studio 2010\Projects\pwerballStats\pwerballStats\Debug\CL.write.1.tlog
C:\USERS\DAVID FITZGERALD\DOCUMENTS\VISUAL STUDIO 2010\PROJECTS\PWERBALLSTATS\PWERBALLSTATS\DEBUG\EACHNUMBER.OBJ
c:\Users\david fitzgerald\documents\visual studio 2010\Projects\pwerballStats\pwerballStats\Debug\link.10872.read.1.tlog
c:\Users\david fitzgerald\documents\visual studio 2010\Projects\pwerballStats\pwerballStats\Debug\link.10872.write.1.tlog
c:\Users\david fitzgerald\documents\visual studio 2010\Projects\pwerballStats\pwerballStats\Debug\link.10872-cvtres.read.1.tlog
c:\Users\david fitzgerald\documents\visual studio 2010\Projects\pwerballStats\pwerballStats\Debug\link.10872-cvtres.write.1.tlog
c:\Users\david fitzgerald\documents\visual studio 2010\Projects\pwerballStats\pwerballStats\Debug\link.11588.read.1.tlog
c:\Users\david fitzgerald\documents\visual studio 2010\Projects\pwerballStats\pwerballStats\Debug\link.11588.write.1.tlog
c:\Users\david fitzgerald\documents\visual studio 2010\Projects\pwerballStats\pwerballStats\Debug\link.11588-cvtres.read.1.tlog
c:\Users\david fitzgerald\documents\visual studio 2010\Projects\pwerballStats\pwerballStats\Debug\link.11588-cvtres.write.1.tlog
c:\Users\david fitzgerald\documents\visual studio 2010\Projects\pwerballStats\pwerballStats\Debug\link.11852.read.1.tlog
c:\Users\david fitzgerald\documents\visual studio 2010\Projects\pwerballStats\pwerballStats\Debug\link.11852.write.1.tlog
c:\Users\david fitzgerald\documents\visual studio 2010\Projects\pwerballStats\pwerballStats\Debug\link.11852-cvtres.read.1.tlog
c:\Users\david fitzgerald\documents\visual studio 2010\Projects\pwerballStats\pwerballStats\Debug\link.11852-cvtres.write.1.tlog
c:\Users\david fitzgerald\documents\visual studio 2010\Projects\pwerballStats\pwerballStats\Debug\link.11988.read.1.tlog
c:\Users\david fitzgerald\documents\visual studio 2010\Projects\pwerballStats\pwerballStats\Debug\link.11988.write.1.tlog
c:\Users\david fitzgerald\documents\visual studio 2010\Projects\pwerballStats\pwerballStats\Debug\link.11988-cvtres.read.1.tlog
c:\Users\david fitzgerald\documents\visual studio 2010\Projects\pwerballStats\pwerballStats\Debug\link.11988-cvtres.write.1.tlog
c:\Users\david fitzgerald\documents\visual studio 2010\Projects\pwerballStats\pwerballStats\Debug\link.12244.read.1.tlog
c:\Users\david fitzgerald\documents\visual studio 2010\Projects\pwerballStats\pwerballStats\Debug\link.12244.write.1.tlog
c:\Users\david fitzgerald\documents\visual studio 2010\Projects\pwerballStats\pwerballStats\Debug\link.12244-cvtres.read.1.tlog
c:\Users\david fitzgerald\documents\visual studio 2010\Projects\pwerballStats\pwerballStats\Debug\link.12244-cvtres.write.1.tlog
c:\Users\david fitzgerald\documents\visual studio 2010\Projects\pwerballStats\pwerballStats\Debug\link.12280.read.1.tlog
c:\Users\david fitzgerald\documents\visual studio 2010\Projects\pwerballStats\pwerballStats\Debug\link.12280.write.1.tlog
c:\Users\david fitzgerald\documents\visual studio 2010\Projects\pwerballStats\pwerballStats\Debug\link.12280-cvtres.read.1.tlog
c:\Users\david fitzgerald\documents\visual studio 2010\Projects\pwerballStats\pwerballStats\Debug\link.12280-cvtres.write.1.tlog
c:\Users\david fitzgerald\documents\visual studio 2010\Projects\pwerballStats\pwerballStats\Debug\link.1360.read.1.tlog
c:\Users\david fitzgerald\documents\visual studio 2010\Projects\pwerballStats\pwerballStats\Debug\link.1360.write.1.tlog
c:\Users\david fitzgerald\documents\visual studio 2010\Projects\pwerballStats\pwerballStats\Debug\link.1360-cvtres.read.1.tlog
c:\Users\david fitzgerald\documents\visual studio 2010\Projects\pwerballStats\pwerballStats\Debug\link.1360-cvtres.write.1.tlog
c:\Users\david fitzgerald\documents\visual studio 2010\Projects\pwerballStats\pwerballStats\Debug\link.2452.read.1.tlog
c:\Users\david fitzgerald\documents\visual studio 2010\Projects\pwerballStats\pwerballStats\Debug\link.2452.write.1.tlog
c:\Users\david fitzgerald\documents\visual studio 2010\Projects\pwerballStats\pwerballStats\Debug\link.2452-cvtres.read.1.tlog
c:\Users\david fitzgerald\documents\visual studio 2010\Projects\pwerballStats\pwerballStats\Debug\link.2452-cvtres.write.1.tlog
c:\Users\david fitzgerald\documents\visual studio 2010\Projects\pwerballStats\pwerballStats\Debug\link.3280.read.1.tlog
c:\Users\david fitzgerald\documents\visual studio 2010\Projects\pwerballStats\pwerballStats\Debug\link.3280.write.1.tlog
c:\Users\david fitzgerald\documents\visual studio 2010\Projects\pwerballStats\pwerballStats\Debug\link.3280-cvtres.read.1.tlog
c:\Users\david fitzgerald\documents\visual studio 2010\Projects\pwerballStats\pwerballStats\Debug\link.3280-cvtres.write.1.tlog
c:\Users\david fitzgerald\documents\visual studio 2010\Projects\pwerballStats\pwerballStats\Debug\link.3572.read.1.tlog
c:\Users\david fitzgerald\documents\visual studio 2010\Projects\pwerballStats\pwerballStats\Debug\link.3572.write.1.tlog
c:\Users\david fitzgerald\documents\visual studio 2010\Projects\pwerballStats\pwerballStats\Debug\link.3572-cvtres.read.1.tlog
c:\Users\david fitzgerald\documents\visual studio 2010\Projects\pwerballStats\pwerballStats\Debug\link.3572-cvtres.write.1.tlog
c:\Users\david fitzgerald\documents\visual studio 2010\Projects\pwerballStats\pwerballStats\Debug\link.4600.read.1.tlog
c:\Users\david fitzgerald\documents\visual studio 2010\Projects\pwerballStats\pwerballStats\Debug\link.4600.write.1.tlog
c:\Users\david fitzgerald\documents\visual studio 2010\Projects\pwerballStats\pwerballStats\Debug\link.4600-cvtres.read.1.tlog
c:\Users\david fitzgerald\documents\visual studio 2010\Projects\pwerballStats\pwerballStats\Debug\link.4600-cvtres.write.1.tlog
c:\Users\david fitzgerald\documents\visual studio 2010\Projects\pwerballStats\pwerballStats\Debug\link.4928.read.1.tlog
c:\Users\david fitzgerald\documents\visual studio 2010\Projects\pwerballStats\pwerballStats\Debug\link.4928.write.1.tlog
c:\Users\david fitzgerald\documents\visual studio 2010\Projects\pwerballStats\pwerballStats\Debug\link.4928-cvtres.read.1.tlog
c:\Users\david fitzgerald\documents\visual studio 2010\Projects\pwerballStats\pwerballStats\Debug\link.4928-cvtres.write.1.tlog
c:\Users\david fitzgerald\documents\visual studio 2010\Projects\pwerballStats\pwerballStats\Debug\link.4948.read.1.tlog
c:\Users\david fitzgerald\documents\visual studio 2010\Projects\pwerballStats\pwerballStats\Debug\link.4948.write.1.tlog
c:\Users\david fitzgerald\documents\visual studio 2010\Projects\pwerballStats\pwerballStats\Debug\link.4948-cvtres.read.1.tlog
c:\Users\david fitzgerald\documents\visual studio 2010\Projects\pwerballStats\pwerballStats\Debug\link.4948-cvtres.write.1.tlog
c:\Users\david fitzgerald\documents\visual studio 2010\Projects\pwerballStats\pwerballStats\Debug\link.5168.read.1.tlog
c:\Users\david fitzgerald\documents\visual studio 2010\Projects\pwerballStats\pwerballStats\Debug\link.5168.write.1.tlog
c:\Users\david fitzgerald\documents\visual studio 2010\Projects\pwerballStats\pwerballStats\Debug\link.5168-cvtres.read.1.tlog
c:\Users\david fitzgerald\documents\visual studio 2010\Projects\pwerballStats\pwerballStats\Debug\link.5168-cvtres.write.1.tlog
c:\Users\david fitzgerald\documents\visual studio 2010\Projects\pwerballStats\pwerballStats\Debug\link.6012.read.1.tlog
c:\Users\david fitzgerald\documents\visual studio 2010\Projects\pwerballStats\pwerballStats\Debug\link.6012.write.1.tlog
c:\Users\david fitzgerald\documents\visual studio 2010\Projects\pwerballStats\pwerballStats\Debug\link.6012-cvtres.read.1.tlog
c:\Users\david fitzgerald\documents\visual studio 2010\Projects\pwerballStats\pwerballStats\Debug\link.6012-cvtres.write.1.tlog
c:\Users\david fitzgerald\documents\visual studio 2010\Projects\pwerballStats\pwerballStats\Debug\link.6224.read.1.tlog
c:\Users\david fitzgerald\documents\visual studio 2010\Projects\pwerballStats\pwerballStats\Debug\link.6224.write.1.tlog
c:\Users\david fitzgerald\documents\visual studio 2010\Projects\pwerballStats\pwerballStats\Debug\link.6224-cvtres.read.1.tlog
c:\Users\david fitzgerald\documents\visual studio 2010\Projects\pwerballStats\pwerballStats\Debug\link.6224-cvtres.write.1.tlog
c:\Users\david fitzgerald\documents\visual studio 2010\Projects\pwerballStats\pwerballStats\Debug\link.6404.read.1.tlog
c:\Users\david fitzgerald\documents\visual studio 2010\Projects\pwerballStats\pwerballStats\Debug\link.6404.write.1.tlog
c:\Users\david fitzgerald\documents\visual studio 2010\Projects\pwerballStats\pwerballStats\Debug\link.6404-cvtres.read.1.tlog
c:\Users\david fitzgerald\documents\visual studio 2010\Projects\pwerballStats\pwerballStats\Debug\link.6404-cvtres.write.1.tlog
c:\Users\david fitzgerald\documents\visual studio 2010\Projects\pwerballStats\pwerballStats\Debug\link.6508.read.1.tlog
c:\Users\david fitzgerald\documents\visual studio 2010\Projects\pwerballStats\pwerballStats\Debug\link.6508.write.1.tlog
c:\Users\david fitzgerald\documents\visual studio 2010\Projects\pwerballStats\pwerballStats\Debug\link.6508-cvtres.read.1.tlog
c:\Users\david fitzgerald\documents\visual studio 2010\Projects\pwerballStats\pwerballStats\Debug\link.6508-cvtres.write.1.tlog
c:\Users\david fitzgerald\documents\visual studio 2010\Projects\pwerballStats\pwerballStats\Debug\link.7300.read.1.tlog
c:\Users\david fitzgerald\documents\visual studio 2010\Projects\pwerballStats\pwerballStats\Debug\link.7300.write.1.tlog
c:\Users\david fitzgerald\documents\visual studio 2010\Projects\pwerballStats\pwerballStats\Debug\link.7300-cvtres.read.1.tlog
c:\Users\david fitzgerald\documents\visual studio 2010\Projects\pwerballStats\pwerballStats\Debug\link.7300-cvtres.write.1.tlog
c:\Users\david fitzgerald\documents\visual studio 2010\Projects\pwerballStats\pwerballStats\Debug\link.7468.read.1.tlog
c:\Users\david fitzgerald\documents\visual studio 2010\Projects\pwerballStats\pwerballStats\Debug\link.7468.write.1.tlog
c:\Users\david fitzgerald\documents\visual studio 2010\Projects\pwerballStats\pwerballStats\Debug\link.7468-cvtres.read.1.tlog
c:\Users\david fitzgerald\documents\visual studio 2010\Projects\pwerballStats\pwerballStats\Debug\link.7468-cvtres.write.1.tlog
c:\Users\david fitzgerald\documents\visual studio 2010\Projects\pwerballStats\pwerballStats\Debug\link.7608.read.1.tlog
c:\Users\david fitzgerald\documents\visual studio 2010\Projects\pwerballStats\pwerballStats\Debug\link.7608.write.1.tlog
c:\Users\david fitzgerald\documents\visual studio 2010\Projects\pwerballStats\pwerballStats\Debug\link.7608-cvtres.read.1.tlog
c:\Users\david fitzgerald\documents\visual studio 2010\Projects\pwerballStats\pwerballStats\Debug\link.7608-cvtres.write.1.tlog
c:\Users\david fitzgerald\documents\visual studio 2010\Projects\pwerballStats\pwerballStats\Debug\link.7820.read.1.tlog
c:\Users\david fitzgerald\documents\visual studio 2010\Projects\pwerballStats\pwerballStats\Debug\link.7820.write.1.tlog
c:\Users\david fitzgerald\documents\visual studio 2010\Projects\pwerballStats\pwerballStats\Debug\link.7820-cvtres.read.1.tlog
c:\Users\david fitzgerald\documents\visual studio 2010\Projects\pwerballStats\pwerballStats\Debug\link.7820-cvtres.write.1.tlog
c:\Users\david fitzgerald\documents\visual studio 2010\Projects\pwerballStats\pwerballStats\Debug\link.8248.read.1.tlog
c:\Users\david fitzgerald\documents\visual studio 2010\Projects\pwerballStats\pwerballStats\Debug\link.8248.write.1.tlog
c:\Users\david fitzgerald\documents\visual studio 2010\Projects\pwerballStats\pwerballStats\Debug\link.8248-cvtres.read.1.tlog
c:\Users\david fitzgerald\documents\visual studio 2010\Projects\pwerballStats\pwerballStats\Debug\link.8248-cvtres.write.1.tlog
c:\Users\david fitzgerald\documents\visual studio 2010\Projects\pwerballStats\pwerballStats\Debug\link.8392.read.1.tlog
c:\Users\david fitzgerald\documents\visual studio 2010\Projects\pwerballStats\pwerballStats\Debug\link.8392.write.1.tlog
c:\Users\david fitzgerald\documents\visual studio 2010\Projects\pwerballStats\pwerballStats\Debug\link.8392-cvtres.read.1.tlog
c:\Users\david fitzgerald\documents\visual studio 2010\Projects\pwerballStats\pwerballStats\Debug\link.8392-cvtres.write.1.tlog
c:\Users\david fitzgerald\documents\visual studio 2010\Projects\pwerballStats\pwerballStats\Debug\link.8516.read.1.tlog
c:\Users\david fitzgerald\documents\visual studio 2010\Projects\pwerballStats\pwerballStats\Debug\link.8516.write.1.tlog
c:\Users\david fitzgerald\documents\visual studio 2010\Projects\pwerballStats\pwerballStats\Debug\link.8516-cvtres.read.1.tlog
c:\Users\david fitzgerald\documents\visual studio 2010\Projects\pwerballStats\pwerballStats\Debug\link.8516-cvtres.write.1.tlog
c:\Users\david fitzgerald\documents\visual studio 2010\Projects\pwerballStats\pwerballStats\Debug\link.8612.read.1.tlog
c:\Users\david fitzgerald\documents\visual studio 2010\Projects\pwerballStats\pwerballStats\Debug\link.8612.write.1.tlog
c:\Users\david fitzgerald\documents\visual studio 2010\Projects\pwerballStats\pwerballStats\Debug\link.8612-cvtres.read.1.tlog
c:\Users\david fitzgerald\documents\visual studio 2010\Projects\pwerballStats\pwerballStats\Debug\link.8612-cvtres.write.1.tlog
c:\Users\david fitzgerald\documents\visual studio 2010\Projects\pwerballStats\pwerballStats\Debug\link.8828.read.1.tlog
c:\Users\david fitzgerald\documents\visual studio 2010\Projects\pwerballStats\pwerballStats\Debug\link.8828.write.1.tlog
c:\Users\david fitzgerald\documents\visual studio 2010\Projects\pwerballStats\pwerballStats\Debug\link.8828-cvtres.read.1.tlog
c:\Users\david fitzgerald\documents\visual studio 2010\Projects\pwerballStats\pwerballStats\Debug\link.8828-cvtres.write.1.tlog
c:\Users\david fitzgerald\documents\visual studio 2010\Projects\pwerballStats\pwerballStats\Debug\link.9020.read.1.tlog
c:\Users\david fitzgerald\documents\visual studio 2010\Projects\pwerballStats\pwerballStats\Debug\link.9020.write.1.tlog
c:\Users\david fitzgerald\documents\visual studio 2010\Projects\pwerballStats\pwerballStats\Debug\link.9020-cvtres.read.1.tlog
c:\Users\david fitzgerald\documents\visual studio 2010\Projects\pwerballStats\pwerballStats\Debug\link.9020-cvtres.write.1.tlog
c:\Users\david fitzgerald\documents\visual studio 2010\Projects\pwerballStats\pwerballStats\Debug\link.9268.read.1.tlog
c:\Users\david fitzgerald\documents\visual studio 2010\Projects\pwerballStats\pwerballStats\Debug\link.9268.write.1.tlog
c:\Users\david fitzgerald\documents\visual studio 2010\Projects\pwerballStats\pwerballStats\Debug\link.9268-cvtres.read.1.tlog
c:\Users\david fitzgerald\documents\visual studio 2010\Projects\pwerballStats\pwerballStats\Debug\link.9268-cvtres.write.1.tlog
c:\Users\david fitzgerald\documents\visual studio 2010\Projects\pwerballStats\pwerballStats\Debug\link.command.1.tlog
c:\Users\david fitzgerald\documents\visual studio 2010\Projects\pwerballStats\pwerballStats\Debug\link.read.1.tlog
c:\Users\david fitzgerald\documents\visual studio 2010\Projects\pwerballStats\pwerballStats\Debug\link.write.1.tlog
c:\Users\david fitzgerald\documents\visual studio 2010\Projects\pwerballStats\pwerballStats\Debug\link-cvtres.read.1.tlog
c:\Users\david fitzgerald\documents\visual studio 2010\Projects\pwerballStats\pwerballStats\Debug\link-cvtres.write.1.tlog
C:\USERS\DAVID FITZGERALD\DOCUMENTS\VISUAL STUDIO 2010\PROJECTS\PWERBALLSTATS\PWERBALLSTATS\DEBUG\MAIN.OBJ
c:\Users\david fitzgerald\documents\visual studio 2010\Projects\pwerballStats\pwerballStats\Debug\mt.command.1.tlog
c:\Users\david fitzgerald\documents\visual studio 2010\Projects\pwerballStats\pwerballStats\Debug\mt.read.1.tlog
c:\Users\david fitzgerald\documents\visual studio 2010\Projects\pwerballStats\pwerballStats\Debug\mt.write.1.tlog
C:\USERS\DAVID FITZGERALD\DOCUMENTS\VISUAL STUDIO 2010\PROJECTS\PWERBALLSTATS\PWERBALLSTATS\DEBUG\PWERBALLSTATS.EXE.EMBED.MANIFEST
C:\USERS\DAVID FITZGERALD\DOCUMENTS\VISUAL STUDIO 2010\PROJECTS\PWERBALLSTATS\PWERBALLSTATS\DEBUG\PWERBALLSTATS.EXE.EMBED.MANIFEST.RES
C:\USERS\DAVID FITZGERALD\DOCUMENTS\VISUAL STUDIO 2010\PROJECTS\PWERBALLSTATS\PWERBALLSTATS\DEBUG\PWERBALLSTATS.EXE.INTERMEDIATE.MANIFEST
c:\Users\david fitzgerald\documents\visual studio 2010\Projects\pwerballStats\pwerballStats\Debug\pwerballStats.vcxprojResolveAssemblyReference.cache
c:\Users\david fitzgerald\documents\visual studio 2010\Projects\pwerballStats\pwerballStats\Debug\pwerballStats.write.1.tlog
c:\Users\david fitzgerald\documents\visual studio 2010\Projects\pwerballStats\pwerballStats\Debug\pwerballStats_manifest.rc
c:\Users\david fitzgerald\documents\visual studio 2010\Projects\pwerballStats\pwerballStats\Debug\rc.command.1.tlog
c:\Users\david fitzgerald\documents\visual studio 2010\Projects\pwerballStats\pwerballStats\Debug\rc.read.1.tlog
c:\Users\david fitzgerald\documents\visual studio 2010\Projects\pwerballStats\pwerballStats\Debug\rc.write.1.tlog
c:\Users\david fitzgerald\documents\visual studio 2010\Projects\pwerballStats\pwerballStats\Debug\vc100.idb
C:\USERS\DAVID FITZGERALD\DOCUMENTS\VISUAL STUDIO 2010\PROJECTS\PWERBALLSTATS\PWERBALLSTATS\DEBUG\VC100.PDB
